<?xml version="1.0" encoding="UTF-8"?>
<testsuite xmlns:xsi="http://www.w3.org/2001/XMLSchema-instance" xsi:noNamespaceSchemaLocation="https://maven.apache.org/surefire/maven-surefire-plugin/xsd/surefire-test-report-3.0.xsd" version="3.0" name="TestSuite" time="103.516" tests="8" errors="0" skipped="2" failures="1">
  <properties>
[...]
</properties>
  <testcase name="loginTest" classname="appTest.AppTest" time="0.06">
    <system-out><![CDATA[[TestNGContentHandler] [WARN] It is strongly recommended to add "<!DOCTYPE suite SYSTEM "http://testng.org/testng-1.0.dtd" >" at the top of your file, otherwise TestNG may fail or not work as expected.
[TestNGContentHandler] [WARN] It is strongly recommended to add "<!DOCTYPE suite SYSTEM "http://testng.org/testng-1.0.dtd" >" at the top of your file, otherwise TestNG may fail or not work as expected.
]]></system-out>
  </testcase>
  <testcase name="loginTest" classname="appTest.AppTest" time="0"/>
  <testcase name="loginTestWithInvalid" classname="appTest.AppTest" time="0"/>
  <testcase name="loginTestWithInvalid" classname="appTest.AppTest" time="0.002"/>
  <testcase name="intComparison" classname="appTest.NumberComparison" time="0.001"/>
  <testcase name="beforeTest" classname="appTest.SeleniumDev" time="82.82">
    <failure message="unknown error: DevToolsActivePort file doesn&apos;t exist&#10;Build info: version: &apos;3.141.59&apos;, revision: &apos;e82be7d358&apos;, time: &apos;2018-11-14T08:17:03&apos;&#10;System info: host: &apos;DESKTOP-2VN6A15&apos;, ip: &apos;192.168.0.102&apos;, os.name: &apos;Windows 10&apos;, os.arch: &apos;amd64&apos;, os.version: &apos;10.0&apos;, java.version: &apos;16.0.1&apos;&#10;Driver info: driver.version: ChromeDriver&#10;remote stacktrace: Backtrace:&#10;	Ordinal0 [0x00FAD403+2479107]&#10;	Ordinal0 [0x00F47D51+2063697]&#10;	Ordinal0 [0x00E520C8+1056968]&#10;	Ordinal0 [0x00E6F7B2+1177522]&#10;	Ordinal0 [0x00E6C139+1163577]&#10;	Ordinal0 [0x00E69B7F+1153919]&#10;	Ordinal0 [0x00E99CBF+1350847]&#10;	Ordinal0 [0x00E9992A+1349930]&#10;	Ordinal0 [0x00E9583B+1333307]&#10;	Ordinal0 [0x00E71F94+1187732]&#10;	Ordinal0 [0x00E72DE9+1191401]&#10;	GetHandleVerifier [0x0112F3F6+1531734]&#10;	GetHandleVerifier [0x011DE9AE+2249998]&#10;	GetHandleVerifier [0x010339AB+501003]&#10;	GetHandleVerifier [0x01032A29+497033]&#10;	Ordinal0 [0x00F4D11D+2085149]&#10;	Ordinal0 [0x00F511C8+2101704]&#10;	Ordinal0 [0x00F51302+2102018]&#10;	Ordinal0 [0x00F5AA71+2140785]&#10;	BaseThreadInitThunk [0x760CFA29+25]&#10;	RtlGetAppContainerNamedObjectPath [0x77BE7A9E+286]&#10;	RtlGetAppContainerNamedObjectPath [0x77BE7A6E+238]&#10;" type="org.openqa.selenium.WebDriverException"><![CDATA[org.openqa.selenium.WebDriverException: 
unknown error: DevToolsActivePort file doesn't exist
Build info: version: '3.141.59', revision: 'e82be7d358', time: '2018-11-14T08:17:03'
System info: host: 'DESKTOP-2VN6A15', ip: '192.168.0.102', os.name: 'Windows 10', os.arch: 'amd64', os.version: '10.0', java.version: '16.0.1'
Driver info: driver.version: ChromeDriver
remote stacktrace: Backtrace:
	Ordinal0 [0x00FAD403+2479107]
	Ordinal0 [0x00F47D51+2063697]
	Ordinal0 [0x00E520C8+1056968]
	Ordinal0 [0x00E6F7B2+1177522]
	Ordinal0 [0x00E6C139+1163577]
	Ordinal0 [0x00E69B7F+1153919]
	Ordinal0 [0x00E99CBF+1350847]
	Ordinal0 [0x00E9992A+1349930]
	Ordinal0 [0x00E9583B+1333307]
	Ordinal0 [0x00E71F94+1187732]
	Ordinal0 [0x00E72DE9+1191401]
	GetHandleVerifier [0x0112F3F6+1531734]
	GetHandleVerifier [0x011DE9AE+2249998]
	GetHandleVerifier [0x010339AB+501003]
	GetHandleVerifier [0x01032A29+497033]
	Ordinal0 [0x00F4D11D+2085149]
	Ordinal0 [0x00F511C8+2101704]
	Ordinal0 [0x00F51302+2102018]
	Ordinal0 [0x00F5AA71+2140785]
	BaseThreadInitThunk [0x760CFA29+25]
	RtlGetAppContainerNamedObjectPath [0x77BE7A9E+286]
	RtlGetAppContainerNamedObjectPath [0x77BE7A6E+238]

	at appTest.SeleniumDev.beforeTest(SeleniumDev.java:22)
]]></failure>
    <system-err><![CDATA[Starting ChromeDriver 93.0.4577.63 (ff5c0da2ec0adeaed5550e6c7e98417dac77d98a-refs/branch-heads/4577@{#1135}) on port 34589
Only local connections are allowed.
Please see https://chromedriver.chromium.org/security-considerations for suggestions on keeping ChromeDriver safe.
ChromeDriver was started successfully.
]]></system-err>
  </testcase>
  <testcase name="titleTest" classname="appTest.SeleniumDev" time="0">
    <skipped message="unknown error: DevToolsActivePort file doesn&apos;t exist&#10;Build info: version: &apos;3.141.59&apos;, revision: &apos;e82be7d358&apos;, time: &apos;2018-11-14T08:17:03&apos;&#10;System info: host: &apos;DESKTOP-2VN6A15&apos;, ip: &apos;192.168.0.102&apos;, os.name: &apos;Windows 10&apos;, os.arch: &apos;amd64&apos;, os.version: &apos;10.0&apos;, java.version: &apos;16.0.1&apos;&#10;Driver info: driver.version: ChromeDriver&#10;remote stacktrace: Backtrace:&#10;	Ordinal0 [0x00FAD403+2479107]&#10;	Ordinal0 [0x00F47D51+2063697]&#10;	Ordinal0 [0x00E520C8+1056968]&#10;	Ordinal0 [0x00E6F7B2+1177522]&#10;	Ordinal0 [0x00E6C139+1163577]&#10;	Ordinal0 [0x00E69B7F+1153919]&#10;	Ordinal0 [0x00E99CBF+1350847]&#10;	Ordinal0 [0x00E9992A+1349930]&#10;	Ordinal0 [0x00E9583B+1333307]&#10;	Ordinal0 [0x00E71F94+1187732]&#10;	Ordinal0 [0x00E72DE9+1191401]&#10;	GetHandleVerifier [0x0112F3F6+1531734]&#10;	GetHandleVerifier [0x011DE9AE+2249998]&#10;	GetHandleVerifier [0x010339AB+501003]&#10;	GetHandleVerifier [0x01032A29+497033]&#10;	Ordinal0 [0x00F4D11D+2085149]&#10;	Ordinal0 [0x00F511C8+2101704]&#10;	Ordinal0 [0x00F51302+2102018]&#10;	Ordinal0 [0x00F5AA71+2140785]&#10;	BaseThreadInitThunk [0x760CFA29+25]&#10;	RtlGetAppContainerNamedObjectPath [0x77BE7A9E+286]&#10;	RtlGetAppContainerNamedObjectPath [0x77BE7A6E+238]&#10;"/>
  </testcase>
  <testcase name="afterTest" classname="appTest.SeleniumDev" time="0">
    <skipped/>
  </testcase>
</testsuite>